app/build/intermediates/manifest_merge_blame_file/release/manifest-merger-blame-release-report.txt
1<?xml version="1.0" encoding="utf-8"?>
2<manifest xmlns:android="http://schemas.android.com/apk/res/android"
3    package="com.frsarker.todotask"
4    android:versionCode="1"
5    android:versionName="1.0" >
6
7    <uses-sdk
8        android:minSdkVersion="27"
8-->src\main\AndroidManifest.xml
9        android:targetSdkVersion="32" />
9-->src\main\AndroidManifest.xml
10
11    <!-- Although the *SdkVersion is captured in gradle build files, this is required for non gradle builds -->
12    <!-- <uses-sdk android:minSdkVersion="14"/> -->
13    <uses-permission android:name="android.permission.ACCESS_NETWORK_STATE" />
13-->[com.google.firebase:firebase-database:20.0.6] AndroidManifest.xml:25:5-79
13-->[com.google.firebase:firebase-database:20.0.6] AndroidManifest.xml:25:22-76
14    <uses-permission android:name="android.permission.INTERNET" />
14-->[com.google.firebase:firebase-database:20.0.6] AndroidManifest.xml:26:5-67
14-->[com.google.firebase:firebase-database:20.0.6] AndroidManifest.xml:26:22-64
15
16    <application
16-->src\main\AndroidManifest.xml:5:5-37:19
17        android:allowBackup="true"
17-->src\main\AndroidManifest.xml:6:9-35
18        android:appComponentFactory="androidx.core.app.CoreComponentFactory"
18-->[androidx.core:core:1.8.0] AndroidManifest.xml:24:18-86
19        android:extractNativeLibs="false"
20        android:icon="@mipmap/ic_launcher_foreground"
20-->src\main\AndroidManifest.xml:7:9-54
21        android:label="@string/app_name"
21-->src\main\AndroidManifest.xml:8:9-41
22        android:roundIcon="@mipmap/ic_launcher_foreground"
22-->src\main\AndroidManifest.xml:9:9-59
23        android:supportsRtl="true"
23-->src\main\AndroidManifest.xml:10:9-35
24        android:theme="@style/CustomTheme" >
24-->src\main\AndroidManifest.xml:11:9-43
25        <activity android:name="com.frsarker.todotask.SetStatus" />
25-->src\main\AndroidManifest.xml:12:9-56
25-->src\main\AndroidManifest.xml:12:19-44
26        <activity android:name="com.frsarker.todotask.Welcome" />
26-->src\main\AndroidManifest.xml:13:9-54
26-->src\main\AndroidManifest.xml:13:19-42
27        <activity android:name="com.frsarker.todotask.AccountSettingsActivity" />
27-->src\main\AndroidManifest.xml:14:9-70
27-->src\main\AndroidManifest.xml:14:19-58
28        <activity android:name="com.frsarker.todotask.userList_Update" />
28-->src\main\AndroidManifest.xml:15:9-62
28-->src\main\AndroidManifest.xml:15:19-50
29        <activity android:name="com.frsarker.todotask.Update_Delete_Task_Company" />
29-->src\main\AndroidManifest.xml:16:9-73
29-->src\main\AndroidManifest.xml:16:19-61
30        <activity android:name="com.frsarker.todotask.userList" />
30-->src\main\AndroidManifest.xml:17:9-55
30-->src\main\AndroidManifest.xml:17:19-43
31        <activity android:name="com.frsarker.todotask.TaskList" />
31-->src\main\AndroidManifest.xml:18:9-55
31-->src\main\AndroidManifest.xml:18:19-43
32        <activity android:name="com.frsarker.todotask.AddModifyTask_Company" />
32-->src\main\AndroidManifest.xml:19:9-68
32-->src\main\AndroidManifest.xml:19:19-56
33        <activity android:name="com.frsarker.todotask.RegisterActivity" />
33-->src\main\AndroidManifest.xml:20:9-63
33-->src\main\AndroidManifest.xml:20:19-51
34        <activity
34-->src\main\AndroidManifest.xml:21:9-27:20
35            android:name="com.frsarker.todotask.LoginActivity"
35-->src\main\AndroidManifest.xml:21:19-48
36            android:exported="true" >
36-->src\main\AndroidManifest.xml:22:13-36
37            <intent-filter>
37-->src\main\AndroidManifest.xml:23:25-26:41
38                <action android:name="android.intent.action.MAIN" />
38-->src\main\AndroidManifest.xml:24:29-81
38-->src\main\AndroidManifest.xml:24:37-78
39
40                <category android:name="android.intent.category.LAUNCHER" />
40-->src\main\AndroidManifest.xml:25:29-89
40-->src\main\AndroidManifest.xml:25:39-86
41            </intent-filter>
42        </activity>
43        <activity
43-->src\main\AndroidManifest.xml:28:9-29:67
44            android:name="com.frsarker.todotask.AddModifyTask"
44-->src\main\AndroidManifest.xml:28:19-48
45            android:windowSoftInputMode="adjustResize" />
45-->src\main\AndroidManifest.xml:29:13-55
46        <activity android:name="com.frsarker.todotask.MainActivity" >
46-->src\main\AndroidManifest.xml:30:9-36:20
46-->src\main\AndroidManifest.xml:30:19-47
47
48            <!-- <intent-filter> -->
49            <!-- <action android:name="android.intent.action.MAIN" /> -->
50            <!-- <category android:name="android.intent.category.LAUNCHER" /> -->
51            <!-- </intent-filter> -->
52        </activity>
53
54        <service
54-->[com.google.firebase:firebase-database:20.0.6] AndroidManifest.xml:29:9-35:19
55            android:name="com.google.firebase.components.ComponentDiscoveryService"
55-->[com.google.firebase:firebase-database:20.0.6] AndroidManifest.xml:30:13-84
56            android:directBootAware="true"
56-->[com.google.firebase:firebase-common:20.1.2] AndroidManifest.xml:35:13-43
57            android:exported="false" >
57-->[com.google.firebase:firebase-database:20.0.6] AndroidManifest.xml:31:13-37
58            <meta-data
58-->[com.google.firebase:firebase-database:20.0.6] AndroidManifest.xml:32:13-34:85
59                android:name="com.google.firebase.components:com.google.firebase.database.DatabaseRegistrar"
59-->[com.google.firebase:firebase-database:20.0.6] AndroidManifest.xml:33:17-109
60                android:value="com.google.firebase.components.ComponentRegistrar" />
60-->[com.google.firebase:firebase-database:20.0.6] AndroidManifest.xml:34:17-82
61            <meta-data
61-->[com.google.firebase:firebase-auth:21.0.8] AndroidManifest.xml:67:13-69:85
62                android:name="com.google.firebase.components:com.google.firebase.auth.FirebaseAuthRegistrar"
62-->[com.google.firebase:firebase-auth:21.0.8] AndroidManifest.xml:68:17-109
63                android:value="com.google.firebase.components.ComponentRegistrar" />
63-->[com.google.firebase:firebase-auth:21.0.8] AndroidManifest.xml:69:17-82
64            <meta-data
64-->[com.google.firebase:firebase-firestore:24.3.1] AndroidManifest.xml:20:13-22:85
65                android:name="com.google.firebase.components:com.google.firebase.firestore.FirestoreRegistrar"
65-->[com.google.firebase:firebase-firestore:24.3.1] AndroidManifest.xml:21:17-111
66                android:value="com.google.firebase.components.ComponentRegistrar" />
66-->[com.google.firebase:firebase-firestore:24.3.1] AndroidManifest.xml:22:17-82
67            <meta-data
67-->[com.google.firebase:firebase-storage:20.0.2] AndroidManifest.xml:33:13-35:85
68                android:name="com.google.firebase.components:com.google.firebase.storage.StorageRegistrar"
68-->[com.google.firebase:firebase-storage:20.0.2] AndroidManifest.xml:34:17-107
69                android:value="com.google.firebase.components.ComponentRegistrar" />
69-->[com.google.firebase:firebase-storage:20.0.2] AndroidManifest.xml:35:17-82
70        </service>
71
72        <activity
72-->[com.google.firebase:firebase-auth:21.0.8] AndroidManifest.xml:27:9-44:20
73            android:name="com.google.firebase.auth.internal.GenericIdpActivity"
73-->[com.google.firebase:firebase-auth:21.0.8] AndroidManifest.xml:28:13-80
74            android:excludeFromRecents="true"
74-->[com.google.firebase:firebase-auth:21.0.8] AndroidManifest.xml:29:13-46
75            android:exported="true"
75-->[com.google.firebase:firebase-auth:21.0.8] AndroidManifest.xml:30:13-36
76            android:launchMode="singleTask"
76-->[com.google.firebase:firebase-auth:21.0.8] AndroidManifest.xml:31:13-44
77            android:theme="@android:style/Theme.Translucent.NoTitleBar" >
77-->[com.google.firebase:firebase-auth:21.0.8] AndroidManifest.xml:32:13-72
78            <intent-filter>
78-->[com.google.firebase:firebase-auth:21.0.8] AndroidManifest.xml:33:13-43:29
79                <action android:name="android.intent.action.VIEW" />
79-->[com.google.firebase:firebase-auth:21.0.8] AndroidManifest.xml:34:17-69
79-->[com.google.firebase:firebase-auth:21.0.8] AndroidManifest.xml:34:25-66
80
81                <category android:name="android.intent.category.DEFAULT" />
81-->[com.google.firebase:firebase-auth:21.0.8] AndroidManifest.xml:36:17-76
81-->[com.google.firebase:firebase-auth:21.0.8] AndroidManifest.xml:36:27-73
82                <category android:name="android.intent.category.BROWSABLE" />
82-->[com.google.firebase:firebase-auth:21.0.8] AndroidManifest.xml:37:17-78
82-->[com.google.firebase:firebase-auth:21.0.8] AndroidManifest.xml:37:27-75
83
84                <data
84-->[com.google.firebase:firebase-auth:21.0.8] AndroidManifest.xml:39:17-42:51
85                    android:host="firebase.auth"
85-->[com.google.firebase:firebase-auth:21.0.8] AndroidManifest.xml:40:21-49
86                    android:path="/"
86-->[com.google.firebase:firebase-auth:21.0.8] AndroidManifest.xml:41:21-37
87                    android:scheme="genericidp" />
87-->[com.google.firebase:firebase-auth:21.0.8] AndroidManifest.xml:42:21-48
88            </intent-filter>
89        </activity>
90        <activity
90-->[com.google.firebase:firebase-auth:21.0.8] AndroidManifest.xml:45:9-62:20
91            android:name="com.google.firebase.auth.internal.RecaptchaActivity"
91-->[com.google.firebase:firebase-auth:21.0.8] AndroidManifest.xml:46:13-79
92            android:excludeFromRecents="true"
92-->[com.google.firebase:firebase-auth:21.0.8] AndroidManifest.xml:47:13-46
93            android:exported="true"
93-->[com.google.firebase:firebase-auth:21.0.8] AndroidManifest.xml:48:13-36
94            android:launchMode="singleTask"
94-->[com.google.firebase:firebase-auth:21.0.8] AndroidManifest.xml:49:13-44
95            android:theme="@android:style/Theme.Translucent.NoTitleBar" >
95-->[com.google.firebase:firebase-auth:21.0.8] AndroidManifest.xml:50:13-72
96            <intent-filter>
96-->[com.google.firebase:firebase-auth:21.0.8] AndroidManifest.xml:51:13-61:29
97                <action android:name="android.intent.action.VIEW" />
97-->[com.google.firebase:firebase-auth:21.0.8] AndroidManifest.xml:34:17-69
97-->[com.google.firebase:firebase-auth:21.0.8] AndroidManifest.xml:34:25-66
98
99                <category android:name="android.intent.category.DEFAULT" />
99-->[com.google.firebase:firebase-auth:21.0.8] AndroidManifest.xml:36:17-76
99-->[com.google.firebase:firebase-auth:21.0.8] AndroidManifest.xml:36:27-73
100                <category android:name="android.intent.category.BROWSABLE" />
100-->[com.google.firebase:firebase-auth:21.0.8] AndroidManifest.xml:37:17-78
100-->[com.google.firebase:firebase-auth:21.0.8] AndroidManifest.xml:37:27-75
101
102                <data
102-->[com.google.firebase:firebase-auth:21.0.8] AndroidManifest.xml:39:17-42:51
103                    android:host="firebase.auth"
103-->[com.google.firebase:firebase-auth:21.0.8] AndroidManifest.xml:40:21-49
104                    android:path="/"
104-->[com.google.firebase:firebase-auth:21.0.8] AndroidManifest.xml:41:21-37
105                    android:scheme="recaptcha" />
105-->[com.google.firebase:firebase-auth:21.0.8] AndroidManifest.xml:42:21-48
106            </intent-filter>
107        </activity>
108        <activity
108-->[com.google.android.gms:play-services-base:18.0.1] AndroidManifest.xml:20:9-22:45
109            android:name="com.google.android.gms.common.api.GoogleApiActivity"
109-->[com.google.android.gms:play-services-base:18.0.1] AndroidManifest.xml:20:19-85
110            android:exported="false"
110-->[com.google.android.gms:play-services-base:18.0.1] AndroidManifest.xml:22:19-43
111            android:theme="@android:style/Theme.Translucent.NoTitleBar" />
111-->[com.google.android.gms:play-services-base:18.0.1] AndroidManifest.xml:21:19-78
112
113        <provider
113-->[com.google.firebase:firebase-common:20.1.2] AndroidManifest.xml:26:9-31:39
114            android:name="com.google.firebase.provider.FirebaseInitProvider"
114-->[com.google.firebase:firebase-common:20.1.2] AndroidManifest.xml:27:13-77
115            android:authorities="com.frsarker.todotask.firebaseinitprovider"
115-->[com.google.firebase:firebase-common:20.1.2] AndroidManifest.xml:28:13-72
116            android:directBootAware="true"
116-->[com.google.firebase:firebase-common:20.1.2] AndroidManifest.xml:29:13-43
117            android:exported="false"
117-->[com.google.firebase:firebase-common:20.1.2] AndroidManifest.xml:30:13-37
118            android:initOrder="100" />
118-->[com.google.firebase:firebase-common:20.1.2] AndroidManifest.xml:31:13-36
119
120        <meta-data
120-->[com.google.android.gms:play-services-basement:18.1.0] AndroidManifest.xml:21:9-23:69
121            android:name="com.google.android.gms.version"
121-->[com.google.android.gms:play-services-basement:18.1.0] AndroidManifest.xml:22:13-58
122            android:value="@integer/google_play_services_version" />
122-->[com.google.android.gms:play-services-basement:18.1.0] AndroidManifest.xml:23:13-66
123
124        <provider
124-->[androidx.emoji2:emoji2:1.2.0] AndroidManifest.xml:24:9-32:20
125            android:name="androidx.startup.InitializationProvider"
125-->[androidx.emoji2:emoji2:1.2.0] AndroidManifest.xml:25:13-67
126            android:authorities="com.frsarker.todotask.androidx-startup"
126-->[androidx.emoji2:emoji2:1.2.0] AndroidManifest.xml:26:13-68
127            android:exported="false" >
127-->[androidx.emoji2:emoji2:1.2.0] AndroidManifest.xml:27:13-37
128            <meta-data
128-->[androidx.emoji2:emoji2:1.2.0] AndroidManifest.xml:29:13-31:52
129                android:name="androidx.emoji2.text.EmojiCompatInitializer"
129-->[androidx.emoji2:emoji2:1.2.0] AndroidManifest.xml:30:17-75
130                android:value="androidx.startup" />
130-->[androidx.emoji2:emoji2:1.2.0] AndroidManifest.xml:31:17-49
131            <meta-data
131-->[androidx.lifecycle:lifecycle-process:2.4.1] AndroidManifest.xml:31:13-33:52
132                android:name="androidx.lifecycle.ProcessLifecycleInitializer"
132-->[androidx.lifecycle:lifecycle-process:2.4.1] AndroidManifest.xml:32:17-78
133                android:value="androidx.startup" />
133-->[androidx.lifecycle:lifecycle-process:2.4.1] AndroidManifest.xml:33:17-49
134        </provider>
135    </application>
136
137</manifest>